#
# A fatal error has been detected by the Java Runtime Environment:
#
#  EXCEPTION_ACCESS_VIOLATION (0xc0000005) at pc=0x00007ff92fb1307e, pid=16440, tid=7196
#
# JRE version: OpenJDK Runtime Environment (11.0.12+7) (build 11.0.12+7-b1504.28-7817840)
# Java VM: OpenJDK 64-Bit Server VM (11.0.12+7-b1504.28-7817840, mixed mode, tiered, compressed oops, g1 gc, windows-amd64)
# Problematic frame:
# V  [jvm.dll+0x36307e]
#
# No core dump will be written. Minidumps are not enabled by default on client versions of Windows
#
# If you would like to submit a bug report, please visit:
#   https://bugreport.java.com/bugreport/crash.jsp
#

---------------  S U M M A R Y ------------

Command Line: --add-opens=java.base/java.util=ALL-UNNAMED --add-opens=java.base/java.lang=ALL-UNNAMED --add-opens=java.base/java.lang.invoke=ALL-UNNAMED --add-opens=java.base/java.util=ALL-UNNAMED --add-opens=java.prefs/java.util.prefs=ALL-UNNAMED --add-opens=java.prefs/java.util.prefs=ALL-UNNAMED --add-opens=java.base/java.nio.charset=ALL-UNNAMED --add-opens=java.base/java.net=ALL-UNNAMED --add-opens=java.base/java.util.concurrent.atomic=ALL-UNNAMED -Xmx2048m -Dfile.encoding=UTF-8 -Duser.country=US -Duser.language=en -Duser.variant org.gradle.launcher.daemon.bootstrap.GradleDaemon 7.0.2

Host: Intel(R) Core(TM) i5-1035G1 CPU @ 1.00GHz, 8 cores, 11G,  Windows 10 , 64 bit Build 19041 (10.0.19041.1889)
Time: Sun Sep 25 22:13:49 2022 SE Asia Standard Time elapsed time: 238.525523 seconds (0d 0h 3m 58s)

---------------  T H R E A D  ---------------

Current thread (0x000001f4d8148800):  JavaThread "C1 CompilerThread0" daemon [_thread_in_vm, id=7196, stack(0x0000008298600000,0x0000008298700000)]


Current CompileTask:
C1: 238525 11120       3       com.google.common.reflect.TypeToken::toGenericType (99 bytes)

Stack: [0x0000008298600000,0x0000008298700000],  sp=0x00000082986fe118,  free space=1016k
Native frames: (J=compiled Java code, j=interpreted, Vv=VM code, C=native code)
V  [jvm.dll+0x36307e]
V  [jvm.dll+0x364a4b]
V  [jvm.dll+0x256234]
V  [jvm.dll+0x255c4d]
V  [jvm.dll+0x2558b7]
V  [jvm.dll+0x1abd01]
V  [jvm.dll+0x131d13]
V  [jvm.dll+0x134465]
V  [jvm.dll+0x132ac2]
V  [jvm.dll+0x13b6ad]
V  [jvm.dll+0x13ad20]
V  [jvm.dll+0x131fc0]
V  [jvm.dll+0x134465]
V  [jvm.dll+0x132ac2]
V  [jvm.dll+0x13b6ad]
V  [jvm.dll+0x13ad20]
V  [jvm.dll+0x131fc0]
V  [jvm.dll+0x134465]
V  [jvm.dll+0x132ac2]
V  [jvm.dll+0x12c336]
V  [jvm.dll+0x13c926]
V  [jvm.dll+0x13c7d9]
V  [jvm.dll+0x128189]
V  [jvm.dll+0x1284da]
V  [jvm.dll+0x1286d3]
V  [jvm.dll+0x1279e7]
V  [jvm.dll+0x1295b7]
V  [jvm.dll+0x20e0d7]
V  [jvm.dll+0x20c901]
V  [jvm.dll+0x6f9b7f]
V  [jvm.dll+0x6f26a5]
V  [jvm.dll+0x5fabf6]
C  [ucrtbase.dll+0x21bb2]
C  [KERNEL32.DLL+0x17034]
C  [ntdll.dll+0x526a1]


siginfo: EXCEPTION_ACCESS_VIOLATION (0xc0000005), reading address 0x000017f4e46c3e40


Register to memory mapping:

RIP=0x00007ff92fb1307e jvm.dll
RAX=0x0 is NULL
RBX=0x000001f4e46c3de0 is pointing into metadata
RCX=0x000017f4e46c3e38 is an unknown value
RDX=0x0 is NULL
RSP=0x00000082986fe118 is pointing into the stack for thread: 0x000001f4d8148800
RBP=0x000001f4d7799798 points into unknown readable memory: 0x6c63457dffff0005 | 05 00 ff ff 7d 45 63 6c
RSI=0x000001f4d779b608 points into unknown readable memory: 0x29285d80ffff0014 | 14 00 ff ff 80 5d 28 29
RDI=0x0000000000000001 is an unknown value
R8 =0x0 is NULL
R9 =0x0 is NULL
R10=0x000001f4d7798df8 points into unknown readable memory: 0x693c1495ffff0006 | 06 00 ff ff 95 14 3c 69
R11=0x000001f4d7799798 points into unknown readable memory: 0x6c63457dffff0005 | 05 00 ff ff 7d 45 63 6c
R12=0x0 is NULL
R13=0x00000000000000b6 is an unknown value
R14=0x000001f4e46c3de0 is pointing into metadata
R15=0x000001f4dae57120 points into unknown readable memory: 0x00007ff92ffbec20 | 20 ec fb 2f f9 7f 00 00


Registers:
RAX=0x0000000000000000, RBX=0x000001f4e46c3de0, RCX=0x000017f4e46c3e38, RDX=0x0000000000000000
RSP=0x00000082986fe118, RBP=0x000001f4d7799798, RSI=0x000001f4d779b608, RDI=0x0000000000000001
R8 =0x0000000000000000, R9 =0x0000000000000000, R10=0x000001f4d7798df8, R11=0x000001f4d7799798
R12=0x0000000000000000, R13=0x00000000000000b6, R14=0x000001f4e46c3de0, R15=0x000001f4dae57120
RIP=0x00007ff92fb1307e, EFLAGS=0x0000000000010246

Top of Stack: (sp=0x00000082986fe118)
0x00000082986fe118:   00007ff92fb14a4b 00000082986fe580
0x00000082986fe128:   00007ff92fe76100 000001f4d8148800
0x00000082986fe138:   00007ff92fe7bb6e 00000082986ff040
0x00000082986fe148:   00007ff92fa06234 00000082986fe580
0x00000082986fe158:   0000000000000018 0000000100ab7308
0x00000082986fe168:   00000082986fe580 00009bdc490334f4
0x00000082986fe178:   00007ff92fe761de 0000000000000000
0x00000082986fe188:   000001f4d78e0910 000001f4d8148800
0x00000082986fe198:   000001f4d80e1ac0 0000000100001000
0x00000082986fe1a8:   00000082986fe590 00000082986fe380
0x00000082986fe1b8:   00000082986fe2d0 0000000000000000
0x00000082986fe1c8:   00007ff92fca3331 0000000000000018
0x00000082986fe1d8:   00007ff92fa05c4d 0000000000000018
0x00000082986fe1e8:   00000082986fe580 0000000100ab7308
0x00000082986fe1f8:   00007ff92fe76150 000001f4d779b600
0x00000082986fe208:   000001f4d78e0910 0000000100b5b078 

Instructions: (pc=0x00007ff92fb1307e)
0x00007ff92fb12f7e:   38 49 89 06 48 8b cf e8 e6 b6 26 00 48 8b cb e8
0x00007ff92fb12f8e:   de b6 26 00 48 83 7d 00 00 74 18 48 8b 94 24 80
0x00007ff92fb12f9e:   00 00 00 48 8b ce e8 a7 da d5 ff 48 8b cd e8 4f
0x00007ff92fb12fae:   d9 d5 ff 48 8b 44 24 20 44 8b 84 24 90 00 00 00
0x00007ff92fb12fbe:   48 89 46 18 48 8b 44 24 28 48 89 46 20 48 89 6e
0x00007ff92fb12fce:   10 49 8b 0e 45 84 ff 74 0a 41 8b d0 e8 31 e8 16
0x00007ff92fb12fde:   00 eb 0e 48 8b 01 4d 8b cc 33 d2 ff 90 e0 00 00
0x00007ff92fb12fee:   00 48 8b 9c 24 88 00 00 00 48 83 c4 40 41 5f 41
0x00007ff92fb12ffe:   5e 41 5d 41 5c 5f 5e 5d c3 cc cc cc cc cc cc cc
0x00007ff92fb1300e:   cc cc 48 8b 01 4d 8b c8 41 b8 01 00 00 00 48 ff
0x00007ff92fb1301e:   a0 e0 00 00 00 cc cc cc cc cc cc cc cc cc cc cc
0x00007ff92fb1302e:   cc cc 48 8b 81 e0 00 00 00 48 85 c0 74 11 48 8b
0x00007ff92fb1303e:   89 e0 00 00 00 48 8b 01 48 ff a0 40 01 00 00 c3
0x00007ff92fb1304e:   cc cc 48 89 5c 24 08 44 8b 01 45 33 c9 41 83 e8
0x00007ff92fb1305e:   01 4c 8b da 48 8b d9 78 4a 66 0f 1f 84 00 00 00
0x00007ff92fb1306e:   00 00 43 8d 04 08 d1 f8 48 63 d0 48 8b 4c d3 08
0x00007ff92fb1307e:   48 8b 49 08 0f b7 51 2a 48 8b 49 08 4c 8b 54 d1
0x00007ff92fb1308e:   40 4d 3b d3 72 14 33 c9 4d 3b d3 0f 95 c1 85 c9
0x00007ff92fb1309e:   74 14 78 06 44 8d 40 ff eb 04 44 8d 48 01 45 3b
0x00007ff92fb130ae:   c8 7e bf 83 c8 ff 48 8b 5c 24 08 c3 cc cc cc cc
0x00007ff92fb130be:   cc cc 4c 8b dc 55 56 49 8d 6b d8 48 81 ec 18 01
0x00007ff92fb130ce:   00 00 48 8b 05 e9 83 67 00 48 33 c4 48 89 45 e0
0x00007ff92fb130de:   4c 8b 05 ab 12 6e 00 48 8b f2 48 8b 15 31 07 6e
0x00007ff92fb130ee:   00 49 89 5b 18 4d 89 73 d0 4c 8b f1 e8 21 1f 00
0x00007ff92fb130fe:   00 48 8b d8 48 85 c0 74 0c 48 8b c8 e8 01 e0 24
0x00007ff92fb1310e:   00 84 c0 75 02 33 db 48 89 bc 24 10 01 00 00 48
0x00007ff92fb1311e:   89 5c 24 20 48 89 74 24 28 48 85 db 74 26 48 8b
0x00007ff92fb1312e:   be 88 02 00 00 8b 17 3b 57 04 75 08 48 8b cf e8
0x00007ff92fb1313e:   ee 73 3c 00 48 63 0f 8d 41 01 89 07 48 8b 47 18
0x00007ff92fb1314e:   48 89 1c c8 48 83 3d 76 99 6a 00 00 0f 84 25 01
0x00007ff92fb1315e:   00 00 8b 0d 16 53 6e 00 65 48 8b 04 25 58 00 00
0x00007ff92fb1316e:   00 ba 08 00 00 00 4c 89 a4 24 08 01 00 00 4c 89 


Stack slot to memory mapping:
stack at sp + 0 slots: 0x00007ff92fb14a4b jvm.dll
stack at sp + 1 slots: 0x00000082986fe580 is pointing into the stack for thread: 0x000001f4d8148800
stack at sp + 2 slots: 0x00007ff92fe76100 jvm.dll
stack at sp + 3 slots: 0x000001f4d8148800 is a thread
stack at sp + 4 slots: 0x00007ff92fe7bb6e jvm.dll
stack at sp + 5 slots: 0x00000082986ff040 is pointing into the stack for thread: 0x000001f4d8148800
stack at sp + 6 slots: 0x00007ff92fa06234 jvm.dll
stack at sp + 7 slots: 0x00000082986fe580 is pointing into the stack for thread: 0x000001f4d8148800


---------------  P R O C E S S  ---------------

Threads class SMR info:
_java_thread_list=0x000001f4ddafee20, length=53, elements={
0x000001f4bb43f000, 0x000001f4d80e2800, 0x000001f4d80e3800, 0x000001f4d813f800,
0x000001f4d8141800, 0x000001f4d8143000, 0x000001f4d8147800, 0x000001f4d8148800,
0x000001f4d8151800, 0x000001f4d82f0800, 0x000001f4da931000, 0x000001f4d9b1a000,
0x000001f4da57f000, 0x000001f4da523800, 0x000001f4da521800, 0x000001f4da522000,
0x000001f4da520800, 0x000001f4da523000, 0x000001f4dc064000, 0x000001f4dc061800,
0x000001f4dc065000, 0x000001f4dc065800, 0x000001f4dc06a000, 0x000001f4d95f3000,
0x000001f4d95f2000, 0x000001f4d95f0000, 0x000001f4d95f5800, 0x000001f4d95f6800,
0x000001f4d95f0800, 0x000001f4d95f9800, 0x000001f4d95f4000, 0x000001f4d95f7000,
0x000001f4d95f8000, 0x000001f4d95fa800, 0x000001f4d95f9000, 0x000001f4d95f4800,
0x000001f4d95fb000, 0x000001f4d95fc000, 0x000001f4db79b000, 0x000001f4db596000,
0x000001f4d95fd000, 0x000001f4d95fd800, 0x000001f4dc067800, 0x000001f4dc069000,
0x000001f4dc068000, 0x000001f4dc063800, 0x000001f4dc06e000, 0x000001f4dc06a800,
0x000001f4dc06b800, 0x000001f4dc06e800, 0x000001f4dc06f800, 0x000001f4dc06c800,
0x000001f4dc06d000
}

Java Threads: ( => current thread )
  0x000001f4bb43f000 JavaThread "main" [_thread_blocked, id=11884, stack(0x0000008297900000,0x0000008297a00000)]
  0x000001f4d80e2800 JavaThread "Reference Handler" daemon [_thread_blocked, id=14776, stack(0x0000008298000000,0x0000008298100000)]
  0x000001f4d80e3800 JavaThread "Finalizer" daemon [_thread_blocked, id=17720, stack(0x0000008298100000,0x0000008298200000)]
  0x000001f4d813f800 JavaThread "Signal Dispatcher" daemon [_thread_blocked, id=7224, stack(0x0000008298200000,0x0000008298300000)]
  0x000001f4d8141800 JavaThread "Attach Listener" daemon [_thread_blocked, id=11528, stack(0x0000008298300000,0x0000008298400000)]
  0x000001f4d8143000 JavaThread "Service Thread" daemon [_thread_blocked, id=14644, stack(0x0000008298400000,0x0000008298500000)]
  0x000001f4d8147800 JavaThread "C2 CompilerThread0" daemon [_thread_in_native, id=8080, stack(0x0000008298500000,0x0000008298600000)]
=>0x000001f4d8148800 JavaThread "C1 CompilerThread0" daemon [_thread_in_vm, id=7196, stack(0x0000008298600000,0x0000008298700000)]
  0x000001f4d8151800 JavaThread "Sweeper thread" daemon [_thread_blocked, id=1980, stack(0x0000008298700000,0x0000008298800000)]
  0x000001f4d82f0800 JavaThread "Common-Cleaner" daemon [_thread_blocked, id=15816, stack(0x0000008298800000,0x0000008298900000)]
  0x000001f4da931000 JavaThread "Daemon health stats" [_thread_blocked, id=3064, stack(0x0000008298f00000,0x0000008299000000)]
  0x000001f4d9b1a000 JavaThread "Incoming local TCP Connector on port 50808" [_thread_in_native, id=3000, stack(0x0000008298a00000,0x0000008298b00000)]
  0x000001f4da57f000 JavaThread "Daemon periodic checks" [_thread_blocked, id=4156, stack(0x0000008298e00000,0x0000008298f00000)]
  0x000001f4da523800 JavaThread "Cache worker for file hash cache (C:\Users\dagxu\.gradle\caches\7.0.2\fileHashes)" [_thread_blocked, id=9444, stack(0x0000008299200000,0x0000008299300000)]
  0x000001f4da521800 JavaThread "File lock request listener" [_thread_in_native, id=7320, stack(0x0000008299800000,0x0000008299900000)]
  0x000001f4da522000 JavaThread "Cache worker for journal cache (C:\Users\dagxu\.gradle\caches\journal-1)" [_thread_blocked, id=16004, stack(0x0000008299e00000,0x0000008299f00000)]
  0x000001f4da520800 JavaThread "File watcher server" daemon [_thread_blocked, id=6168, stack(0x000000829a200000,0x000000829a300000)]
  0x000001f4da523000 JavaThread "File watcher consumer" daemon [_thread_blocked, id=1916, stack(0x000000829a300000,0x000000829a400000)]
  0x000001f4dc064000 JavaThread "Cache worker for execution history cache (C:\Users\dagxu\.gradle\caches\7.0.2\executionHistory)" [_thread_blocked, id=1908, stack(0x000000829a700000,0x000000829a800000)]
  0x000001f4dc061800 JavaThread "jar transforms" [_thread_blocked, id=19304, stack(0x000000829a800000,0x000000829a900000)]
  0x000001f4dc065000 JavaThread "jar transforms Thread 2" [_thread_blocked, id=8252, stack(0x000000829a900000,0x000000829aa00000)]
  0x000001f4dc065800 JavaThread "Cache worker for file content cache (C:\Users\dagxu\.gradle\caches\7.0.2\fileContent)" [_thread_blocked, id=15620, stack(0x000000829aa00000,0x000000829ab00000)]
  0x000001f4dc06a000 JavaThread "jar transforms Thread 3" [_thread_blocked, id=12768, stack(0x000000829ac00000,0x000000829ad00000)]
  0x000001f4d95f3000 JavaThread "jar transforms Thread 4" [_thread_blocked, id=6152, stack(0x000000829b600000,0x000000829b700000)]
  0x000001f4d95f2000 JavaThread "jar transforms Thread 5" [_thread_blocked, id=3016, stack(0x000000829b700000,0x000000829b800000)]
  0x000001f4d95f0000 JavaThread "jar transforms Thread 6" [_thread_blocked, id=17616, stack(0x000000829b800000,0x000000829b900000)]
  0x000001f4d95f5800 JavaThread "jar transforms Thread 7" [_thread_blocked, id=16520, stack(0x000000829b900000,0x000000829ba00000)]
  0x000001f4d95f6800 JavaThread "jar transforms Thread 8" [_thread_blocked, id=7272, stack(0x000000829ba00000,0x000000829bb00000)]
  0x000001f4d95f0800 JavaThread "Memory manager" [_thread_blocked, id=5488, stack(0x000000829bd00000,0x000000829be00000)]
  0x000001f4d95f9800 JavaThread "pool-3-thread-1" [_thread_blocked, id=19068, stack(0x000000829bf00000,0x000000829c000000)]
  0x000001f4d95f4000 JavaThread "Daemon Thread 2" [_thread_blocked, id=16840, stack(0x0000008297600000,0x0000008297700000)]
  0x000001f4d95f7000 JavaThread "Handler for socket connection from /127.0.0.1:50808 to /127.0.0.1:50941" [_thread_in_native, id=13084, stack(0x0000008297700000,0x0000008297800000)]
  0x000001f4d95f8000 JavaThread "Cancel handler" [_thread_blocked, id=5228, stack(0x0000008297800000,0x0000008297900000)]
  0x000001f4d95fa800 JavaThread "Daemon worker Thread 2" [_thread_blocked, id=10436, stack(0x0000008299000000,0x0000008299100000)]
  0x000001f4d95f9000 JavaThread "Asynchronous log dispatcher for DefaultDaemonConnection: socket connection from /127.0.0.1:50808 to /127.0.0.1:50941" [_thread_blocked, id=18788, stack(0x0000008299100000,0x0000008299200000)]
  0x000001f4d95f4800 JavaThread "Stdin handler" [_thread_blocked, id=3580, stack(0x0000008299300000,0x0000008299400000)]
  0x000001f4d95fb000 JavaThread "Daemon client event forwarder" [_thread_blocked, id=5364, stack(0x0000008299400000,0x0000008299500000)]
  0x000001f4d95fc000 JavaThread "Cache worker for file hash cache (C:\Users\dagxu\Desktop\My Project\Android\Android\.gradle\7.0.2\fileHashes)" [_thread_blocked, id=5464, stack(0x0000008299500000,0x0000008299600000)]
  0x000001f4db79b000 JavaThread "C2 CompilerThread1" daemon [_thread_blocked, id=13168, stack(0x0000008299600000,0x0000008299700000)]
  0x000001f4db596000 JavaThread "C2 CompilerThread2" daemon [_thread_blocked, id=15908, stack(0x0000008299700000,0x0000008299800000)]
  0x000001f4d95fd000 JavaThread "Cache worker for checksums cache (C:\Users\dagxu\Desktop\My Project\Android\Android\.gradle\checksums)" [_thread_blocked, id=12100, stack(0x0000008299f00000,0x000000829a000000)]
  0x000001f4d95fd800 JavaThread "Cache worker for cache directory md-supplier (C:\Users\dagxu\.gradle\caches\7.0.2\md-supplier)" [_thread_blocked, id=2704, stack(0x000000829a000000,0x000000829a100000)]
  0x000001f4dc067800 JavaThread "Cache worker for cache directory md-rule (C:\Users\dagxu\.gradle\caches\7.0.2\md-rule)" [_thread_blocked, id=2232, stack(0x000000829a100000,0x000000829a200000)]
  0x000001f4dc069000 JavaThread "Cache worker for dependencies-accessors (C:\Users\dagxu\Desktop\My Project\Android\Android\.gradle\7.0.2\dependencies-accessors)" [_thread_blocked, id=18364, stack(0x000000829a400000,0x000000829a500000)]
  0x000001f4dc068000 JavaThread "Cache worker for Build Output Cleanup Cache (C:\Users\dagxu\Desktop\My Project\Android\Android\.gradle\buildOutputCleanup)" [_thread_blocked, id=2708, stack(0x000000829a500000,0x000000829a600000)]
  0x000001f4dc063800 JavaThread "Build operations" [_thread_blocked, id=17116, stack(0x000000829a600000,0x000000829a700000)]
  0x000001f4dc06e000 JavaThread "Build operations Thread 2" [_thread_blocked, id=17924, stack(0x000000829ab00000,0x000000829ac00000)]
  0x000001f4dc06a800 JavaThread "Build operations Thread 3" [_thread_blocked, id=13040, stack(0x000000829ad00000,0x000000829ae00000)]
  0x000001f4dc06b800 JavaThread "Build operations Thread 4" [_thread_blocked, id=9524, stack(0x000000829ae00000,0x000000829af00000)]
  0x000001f4dc06e800 JavaThread "Build operations Thread 5" [_thread_blocked, id=11764, stack(0x000000829af00000,0x000000829b000000)]
  0x000001f4dc06f800 JavaThread "Build operations Thread 6" [_thread_blocked, id=12412, stack(0x000000829b000000,0x000000829b100000)]
  0x000001f4dc06c800 JavaThread "Build operations Thread 7" [_thread_blocked, id=16740, stack(0x000000829b100000,0x000000829b200000)]
  0x000001f4dc06d000 JavaThread "Build operations Thread 8" [_thread_blocked, id=7604, stack(0x000000829b200000,0x000000829b300000)]

Other Threads:
  0x000001f4d78d5800 VMThread "VM Thread" [stack: 0x0000008297f00000,0x0000008298000000] [id=16464]
  0x000001f4d82f3800 WatcherThread [stack: 0x0000008298900000,0x0000008298a00000] [id=19440]
  0x000001f4bb457800 GCTaskThread "GC Thread#0" [stack: 0x0000008297a00000,0x0000008297b00000] [id=8940]
  0x000001f4d8f91800 GCTaskThread "GC Thread#1" [stack: 0x0000008298b00000,0x0000008298c00000] [id=4720]
  0x000001f4d8dd3000 GCTaskThread "GC Thread#2" [stack: 0x0000008298c00000,0x0000008298d00000] [id=4036]
  0x000001f4d8d5b800 GCTaskThread "GC Thread#3" [stack: 0x0000008298d00000,0x0000008298e00000] [id=6776]
  0x000001f4da57a000 GCTaskThread "GC Thread#4" [stack: 0x0000008299900000,0x0000008299a00000] [id=14580]
  0x000001f4daa02000 GCTaskThread "GC Thread#5" [stack: 0x0000008299a00000,0x0000008299b00000] [id=17428]
  0x000001f4dabb0800 GCTaskThread "GC Thread#6" [stack: 0x0000008299b00000,0x0000008299c00000] [id=16236]
  0x000001f4d9b07000 GCTaskThread "GC Thread#7" [stack: 0x0000008299c00000,0x0000008299d00000] [id=796]
  0x000001f4bb48a800 ConcurrentGCThread "G1 Main Marker" [stack: 0x0000008297b00000,0x0000008297c00000] [id=10788]
  0x000001f4bb48c800 ConcurrentGCThread "G1 Conc#0" [stack: 0x0000008297c00000,0x0000008297d00000] [id=15936]
  0x000001f4d910c800 ConcurrentGCThread "G1 Conc#1" [stack: 0x0000008299d00000,0x0000008299e00000] [id=19004]
  0x000001f4d7722800 ConcurrentGCThread "G1 Refine#0" [stack: 0x0000008297d00000,0x0000008297e00000] [id=7640]
  0x000001f4d9407800 ConcurrentGCThread "G1 Refine#1" [stack: 0x000000829bb00000,0x000000829bc00000] [id=1236]
  0x000001f4de5ae000 ConcurrentGCThread "G1 Refine#2" [stack: 0x000000829bc00000,0x000000829bd00000] [id=17312]
  0x000001f4bb51d800 ConcurrentGCThread "G1 Young RemSet Sampling" [stack: 0x0000008297e00000,0x0000008297f00000] [id=5092]

Threads with active compile tasks:
C2 CompilerThread0 238559 10793       4       org.gradle.internal.service.DefaultServiceRegistry$OwnServices$ProviderAnalyser::analyseType (114 bytes)
C1 CompilerThread0 238559 11120       3       com.google.common.reflect.TypeToken::toGenericType (99 bytes)
C2 CompilerThread1 238559 10873   !   4       org.gradle.api.internal.attributes.DefaultImmutableAttributesFactory::doConcatIsolatable (128 bytes)
C2 CompilerThread2 238559 11026       4       sun.nio.fs.WindowsPathParser::parse (384 bytes)

VM state:synchronizing (normal execution)

VM Mutex/Monitor currently owned by a thread:  ([mutex/lock_event])
[0x000001f4bb439ab0] Threads_lock - owner thread: 0x000001f4d78d5800
[0x000001f4bb43add0] Compile_lock - owner thread: 0x000001f4d8148800

Heap address: 0x0000000080000000, size: 2048 MB, Compressed Oops mode: 32-bit
Narrow klass base: 0x0000000000000000, Narrow klass shift: 3
Compressed class space size: 1073741824 Address: 0x0000000100000000

Heap:
 garbage-first heap   total 194560K, used 140463K [0x0000000080000000, 0x0000000100000000)
  region size 1024K, 67 young (68608K), 8 survivors (8192K)
 Metaspace       used 87386K, capacity 89770K, committed 90060K, reserved 1128448K
  class space    used 11044K, capacity 11878K, committed 11980K, reserved 1048576K
Heap Regions: E=young(eden), S=young(survivor), O=old, HS=humongous(starts), HC=humongous(continues), CS=collection set, F=free, A=archive, TAMS=top-at-mark-start (previous, next)
|   0|0x0000000080000000, 0x0000000080100000, 0x0000000080100000|100%| O|  |TAMS 0x0000000080100000, 0x0000000080000000| Untracked 
|   1|0x0000000080100000, 0x0000000080200000, 0x0000000080200000|100%| O|  |TAMS 0x0000000080200000, 0x0000000080100000| Untracked 
|   2|0x0000000080200000, 0x0000000080300000, 0x0000000080300000|100%| O|  |TAMS 0x0000000080300000, 0x0000000080200000| Untracked 
|   3|0x0000000080300000, 0x0000000080400000, 0x0000000080400000|100%|HS|  |TAMS 0x0000000080400000, 0x0000000080300000| Complete 
|   4|0x0000000080400000, 0x0000000080500000, 0x0000000080500000|100%|HC|  |TAMS 0x0000000080500000, 0x0000000080400000| Complete 
|   5|0x0000000080500000, 0x0000000080600000, 0x0000000080600000|100%|HC|  |TAMS 0x0000000080600000, 0x0000000080500000| Complete 
|   6|0x0000000080600000, 0x0000000080700000, 0x0000000080700000|100%| O|  |TAMS 0x0000000080700000, 0x0000000080600000| Untracked 
|   7|0x0000000080700000, 0x0000000080800000, 0x0000000080800000|100%| O|  |TAMS 0x0000000080800000, 0x0000000080700000| Untracked 
|   8|0x0000000080800000, 0x0000000080900000, 0x0000000080900000|100%| O|  |TAMS 0x0000000080900000, 0x0000000080800000| Untracked 
|   9|0x0000000080900000, 0x0000000080a00000, 0x0000000080a00000|100%| O|  |TAMS 0x0000000080a00000, 0x0000000080900000| Untracked 
|  10|0x0000000080a00000, 0x0000000080b00000, 0x0000000080b00000|100%| O|  |TAMS 0x0000000080b00000, 0x0000000080a00000| Untracked 
|  11|0x0000000080b00000, 0x0000000080c00000, 0x0000000080c00000|100%| O|  |TAMS 0x0000000080c00000, 0x0000000080b00000| Untracked 
|  12|0x0000000080c00000, 0x0000000080d00000, 0x0000000080d00000|100%| O|  |TAMS 0x0000000080d00000, 0x0000000080c00000| Untracked 
|  13|0x0000000080d00000, 0x0000000080e00000, 0x0000000080e00000|100%| O|  |TAMS 0x0000000080e00000, 0x0000000080d00000| Untracked 
|  14|0x0000000080e00000, 0x0000000080f00000, 0x0000000080f00000|100%| O|  |TAMS 0x0000000080f00000, 0x0000000080e00000| Untracked 
|  15|0x0000000080f00000, 0x0000000081000000, 0x0000000081000000|100%| O|  |TAMS 0x0000000081000000, 0x0000000080f00000| Untracked 
|  16|0x0000000081000000, 0x0000000081100000, 0x0000000081100000|100%| O|  |TAMS 0x0000000081100000, 0x0000000081000000| Untracked 
|  17|0x0000000081100000, 0x0000000081200000, 0x0000000081200000|100%|HS|  |TAMS 0x0000000081200000, 0x0000000081100000| Complete 
|  18|0x0000000081200000, 0x0000000081300000, 0x0000000081300000|100%|HS|  |TAMS 0x0000000081300000, 0x0000000081200000| Complete 
|  19|0x0000000081300000, 0x0000000081400000, 0x0000000081400000|100%|HS|  |TAMS 0x0000000081400000, 0x0000000081300000| Complete 
|  20|0x0000000081400000, 0x0000000081500000, 0x0000000081500000|100%|HC|  |TAMS 0x0000000081500000, 0x0000000081400000| Complete 
|  21|0x0000000081500000, 0x0000000081600000, 0x0000000081600000|100%| O|  |TAMS 0x0000000081600000, 0x0000000081500000| Untracked 
|  22|0x0000000081600000, 0x0000000081700000, 0x0000000081700000|100%| O|  |TAMS 0x0000000081700000, 0x0000000081600000| Untracked 
|  23|0x0000000081700000, 0x0000000081800000, 0x0000000081800000|100%| O|  |TAMS 0x0000000081800000, 0x0000000081700000| Untracked 
|  24|0x0000000081800000, 0x0000000081900000, 0x0000000081900000|100%| O|  |TAMS 0x0000000081900000, 0x0000000081800000| Untracked 
|  25|0x0000000081900000, 0x0000000081a00000, 0x0000000081a00000|100%| O|  |TAMS 0x0000000081a00000, 0x0000000081900000| Untracked 
|  26|0x0000000081a00000, 0x0000000081b00000, 0x0000000081b00000|100%| O|  |TAMS 0x0000000081b00000, 0x0000000081a00000| Untracked 
|  27|0x0000000081b00000, 0x0000000081c00000, 0x0000000081c00000|100%| O|  |TAMS 0x0000000081c00000, 0x0000000081b00000| Untracked 
|  28|0x0000000081c00000, 0x0000000081d00000, 0x0000000081d00000|100%| O|  |TAMS 0x0000000081d00000, 0x0000000081c00000| Untracked 
|  29|0x0000000081d00000, 0x0000000081e00000, 0x0000000081e00000|100%| O|  |TAMS 0x0000000081e00000, 0x0000000081d00000| Untracked 
|  30|0x0000000081e00000, 0x0000000081f00000, 0x0000000081f00000|100%| O|  |TAMS 0x0000000081f00000, 0x0000000081e00000| Untracked 
|  31|0x0000000081f00000, 0x0000000082000000, 0x0000000082000000|100%| O|  |TAMS 0x0000000082000000, 0x0000000081f00000| Untracked 
|  32|0x0000000082000000, 0x0000000082100000, 0x0000000082100000|100%| O|  |TAMS 0x0000000082100000, 0x0000000082000000| Untracked 
|  33|0x0000000082100000, 0x0000000082200000, 0x0000000082200000|100%| O|  |TAMS 0x0000000082200000, 0x0000000082100000| Untracked 
|  34|0x0000000082200000, 0x0000000082300000, 0x0000000082300000|100%| O|  |TAMS 0x0000000082300000, 0x0000000082200000| Untracked 
|  35|0x0000000082300000, 0x0000000082400000, 0x0000000082400000|100%| O|  |TAMS 0x0000000082400000, 0x0000000082300000| Untracked 
|  36|0x0000000082400000, 0x0000000082500000, 0x0000000082500000|100%| O|  |TAMS 0x0000000082500000, 0x0000000082400000| Untracked 
|  37|0x0000000082500000, 0x0000000082600000, 0x0000000082600000|100%| O|  |TAMS 0x0000000082600000, 0x0000000082500000| Untracked 
|  38|0x0000000082600000, 0x0000000082700000, 0x0000000082700000|100%| O|  |TAMS 0x0000000082700000, 0x0000000082600000| Untracked 
|  39|0x0000000082700000, 0x0000000082800000, 0x0000000082800000|100%| O|  |TAMS 0x0000000082800000, 0x0000000082700000| Untracked 
|  40|0x0000000082800000, 0x0000000082900000, 0x0000000082900000|100%| O|  |TAMS 0x0000000082900000, 0x0000000082800000| Untracked 
|  41|0x0000000082900000, 0x0000000082a00000, 0x0000000082a00000|100%| O|  |TAMS 0x0000000082a00000, 0x0000000082900000| Untracked 
|  42|0x0000000082a00000, 0x0000000082b00000, 0x0000000082b00000|100%| O|  |TAMS 0x0000000082a1ec00, 0x0000000082a00000| Untracked 
|  43|0x0000000082b00000, 0x0000000082c00000, 0x0000000082c00000|100%| O|  |TAMS 0x0000000082b00000, 0x0000000082b00000| Untracked 
|  44|0x0000000082c00000, 0x0000000082d00000, 0x0000000082d00000|100%| O|  |TAMS 0x0000000082c00000, 0x0000000082c00000| Untracked 
|  45|0x0000000082d00000, 0x0000000082e00000, 0x0000000082e00000|100%| O|  |TAMS 0x0000000082d00000, 0x0000000082d00000| Untracked 
|  46|0x0000000082e00000, 0x0000000082f00000, 0x0000000082f00000|100%| O|  |TAMS 0x0000000082e00000, 0x0000000082e00000| Untracked 
|  47|0x0000000082f00000, 0x0000000083000000, 0x0000000083000000|100%| O|  |TAMS 0x0000000082f00000, 0x0000000082f00000| Untracked 
|  48|0x0000000083000000, 0x0000000083100000, 0x0000000083100000|100%| O|  |TAMS 0x0000000083000000, 0x0000000083000000| Untracked 
|  49|0x0000000083100000, 0x0000000083200000, 0x0000000083200000|100%| O|  |TAMS 0x0000000083100000, 0x0000000083100000| Untracked 
|  50|0x0000000083200000, 0x0000000083300000, 0x0000000083300000|100%| O|  |TAMS 0x0000000083200000, 0x0000000083200000| Untracked 
|  51|0x0000000083300000, 0x0000000083400000, 0x0000000083400000|100%| O|  |TAMS 0x0000000083300000, 0x0000000083300000| Untracked 
|  52|0x0000000083400000, 0x0000000083500000, 0x0000000083500000|100%| O|  |TAMS 0x0000000083400000, 0x0000000083400000| Untracked 
|  53|0x0000000083500000, 0x0000000083600000, 0x0000000083600000|100%| O|  |TAMS 0x0000000083500000, 0x0000000083500000| Untracked 
|  54|0x0000000083600000, 0x0000000083700000, 0x0000000083700000|100%| O|  |TAMS 0x0000000083600000, 0x0000000083600000| Untracked 
|  55|0x0000000083700000, 0x0000000083800000, 0x0000000083800000|100%| O|  |TAMS 0x0000000083700000, 0x0000000083700000| Untracked 
|  56|0x0000000083800000, 0x0000000083900000, 0x0000000083900000|100%| O|  |TAMS 0x0000000083800000, 0x0000000083800000| Untracked 
|  57|0x0000000083900000, 0x0000000083a00000, 0x0000000083a00000|100%| O|  |TAMS 0x0000000083900000, 0x0000000083900000| Untracked 
|  58|0x0000000083a00000, 0x0000000083b00000, 0x0000000083b00000|100%| O|  |TAMS 0x0000000083a00000, 0x0000000083a00000| Untracked 
|  59|0x0000000083b00000, 0x0000000083c00000, 0x0000000083c00000|100%| O|  |TAMS 0x0000000083b00000, 0x0000000083b00000| Untracked 
|  60|0x0000000083c00000, 0x0000000083d00000, 0x0000000083d00000|100%| O|  |TAMS 0x0000000083c00000, 0x0000000083c00000| Untracked 
|  61|0x0000000083d00000, 0x0000000083e00000, 0x0000000083e00000|100%| O|  |TAMS 0x0000000083d00000, 0x0000000083d00000| Untracked 
|  62|0x0000000083e00000, 0x0000000083f00000, 0x0000000083f00000|100%| O|  |TAMS 0x0000000083e00000, 0x0000000083e00000| Untracked 
|  63|0x0000000083f00000, 0x0000000084000000, 0x0000000084000000|100%| O|  |TAMS 0x0000000083f00000, 0x0000000083f00000| Untracked 
|  64|0x0000000084000000, 0x0000000084100000, 0x0000000084100000|100%| O|  |TAMS 0x0000000084000000, 0x0000000084000000| Untracked 
|  65|0x0000000084100000, 0x0000000084200000, 0x0000000084200000|100%| O|  |TAMS 0x0000000084100000, 0x0000000084100000| Untracked 
|  66|0x0000000084200000, 0x0000000084300000, 0x0000000084300000|100%| O|  |TAMS 0x0000000084200000, 0x0000000084200000| Untracked 
|  67|0x0000000084300000, 0x0000000084400000, 0x0000000084400000|100%| O|  |TAMS 0x0000000084300000, 0x0000000084300000| Untracked 
|  68|0x0000000084400000, 0x0000000084500000, 0x0000000084500000|100%| O|  |TAMS 0x0000000084400000, 0x0000000084400000| Untracked 
|  69|0x0000000084500000, 0x0000000084600000, 0x0000000084600000|100%| O|  |TAMS 0x0000000084500000, 0x0000000084500000| Untracked 
|  70|0x0000000084600000, 0x0000000084700000, 0x0000000084700000|100%| O|  |TAMS 0x0000000084600000, 0x0000000084600000| Untracked 
|  71|0x0000000084700000, 0x0000000084800000, 0x0000000084800000|100%| O|  |TAMS 0x0000000084700000, 0x0000000084700000| Untracked 
|  72|0x0000000084800000, 0x00000000848cac00, 0x0000000084900000| 79%| O|  |TAMS 0x0000000084800000, 0x0000000084800000| Untracked 
|  73|0x0000000084900000, 0x0000000084900000, 0x0000000084a00000|  0%| F|  |TAMS 0x0000000084900000, 0x0000000084900000| Untracked 
|  74|0x0000000084a00000, 0x0000000084a00000, 0x0000000084b00000|  0%| F|  |TAMS 0x0000000084a00000, 0x0000000084a00000| Untracked 
|  75|0x0000000084b00000, 0x0000000084b00000, 0x0000000084c00000|  0%| F|  |TAMS 0x0000000084b00000, 0x0000000084b00000| Untracked 
|  76|0x0000000084c00000, 0x0000000084c00000, 0x0000000084d00000|  0%| F|  |TAMS 0x0000000084c00000, 0x0000000084c00000| Untracked 
|  77|0x0000000084d00000, 0x0000000084d00000, 0x0000000084e00000|  0%| F|  |TAMS 0x0000000084d00000, 0x0000000084d00000| Untracked 
|  78|0x0000000084e00000, 0x0000000084e00000, 0x0000000084f00000|  0%| F|  |TAMS 0x0000000084e00000, 0x0000000084e00000| Untracked 
|  79|0x0000000084f00000, 0x0000000084f00000, 0x0000000085000000|  0%| F|  |TAMS 0x0000000084f00000, 0x0000000084f00000| Untracked 
|  80|0x0000000085000000, 0x0000000085000000, 0x0000000085100000|  0%| F|  |TAMS 0x0000000085000000, 0x0000000085000000| Untracked 
|  81|0x0000000085100000, 0x0000000085100000, 0x0000000085200000|  0%| F|  |TAMS 0x0000000085100000, 0x0000000085100000| Untracked 
|  82|0x0000000085200000, 0x0000000085200000, 0x0000000085300000|  0%| F|  |TAMS 0x0000000085200000, 0x0000000085200000| Untracked 
|  83|0x0000000085300000, 0x0000000085300000, 0x0000000085400000|  0%| F|  |TAMS 0x0000000085300000, 0x0000000085300000| Untracked 
|  84|0x0000000085400000, 0x0000000085400000, 0x0000000085500000|  0%| F|  |TAMS 0x0000000085400000, 0x0000000085400000| Untracked 
|  85|0x0000000085500000, 0x0000000085500000, 0x0000000085600000|  0%| F|  |TAMS 0x0000000085500000, 0x0000000085500000| Untracked 
|  86|0x0000000085600000, 0x0000000085600000, 0x0000000085700000|  0%| F|  |TAMS 0x0000000085600000, 0x0000000085600000| Untracked 
|  87|0x0000000085700000, 0x0000000085700000, 0x0000000085800000|  0%| F|  |TAMS 0x0000000085700000, 0x0000000085700000| Untracked 
|  88|0x0000000085800000, 0x0000000085800000, 0x0000000085900000|  0%| F|  |TAMS 0x0000000085800000, 0x0000000085800000| Untracked 
|  89|0x0000000085900000, 0x0000000085900000, 0x0000000085a00000|  0%| F|  |TAMS 0x0000000085900000, 0x0000000085900000| Untracked 
|  90|0x0000000085a00000, 0x0000000085a00000, 0x0000000085b00000|  0%| F|  |TAMS 0x0000000085a00000, 0x0000000085a00000| Untracked 
|  91|0x0000000085b00000, 0x0000000085b00000, 0x0000000085c00000|  0%| F|  |TAMS 0x0000000085b00000, 0x0000000085b00000| Untracked 
|  92|0x0000000085c00000, 0x0000000085c00000, 0x0000000085d00000|  0%| F|  |TAMS 0x0000000085c00000, 0x0000000085c00000| Untracked 
|  93|0x0000000085d00000, 0x0000000085d00000, 0x0000000085e00000|  0%| F|  |TAMS 0x0000000085d00000, 0x0000000085d00000| Untracked 
|  94|0x0000000085e00000, 0x0000000085e00000, 0x0000000085f00000|  0%| F|  |TAMS 0x0000000085e00000, 0x0000000085e00000| Untracked 
|  95|0x0000000085f00000, 0x0000000085f00000, 0x0000000086000000|  0%| F|  |TAMS 0x0000000085f00000, 0x0000000085f00000| Untracked 
|  96|0x0000000086000000, 0x0000000086000000, 0x0000000086100000|  0%| F|  |TAMS 0x0000000086000000, 0x0000000086000000| Untracked 
|  97|0x0000000086100000, 0x0000000086100000, 0x0000000086200000|  0%| F|  |TAMS 0x0000000086100000, 0x0000000086100000| Untracked 
|  98|0x0000000086200000, 0x0000000086200000, 0x0000000086300000|  0%| F|  |TAMS 0x0000000086200000, 0x0000000086200000| Untracked 
|  99|0x0000000086300000, 0x0000000086300000, 0x0000000086400000|  0%| F|  |TAMS 0x0000000086300000, 0x0000000086300000| Untracked 
| 100|0x0000000086400000, 0x00000000864611a0, 0x0000000086500000| 37%| S|CS|TAMS 0x0000000086400000, 0x0000000086400000| Complete 
| 101|0x0000000086500000, 0x0000000086600000, 0x0000000086600000|100%| S|CS|TAMS 0x0000000086500000, 0x0000000086500000| Complete 
| 102|0x0000000086600000, 0x0000000086600000, 0x0000000086700000|  0%| F|  |TAMS 0x0000000086600000, 0x0000000086600000| Untracked 
| 103|0x0000000086700000, 0x0000000086700000, 0x0000000086800000|  0%| F|  |TAMS 0x0000000086700000, 0x0000000086700000| Untracked 
| 104|0x0000000086800000, 0x0000000086800000, 0x0000000086900000|  0%| F|  |TAMS 0x0000000086800000, 0x0000000086800000| Untracked 
| 105|0x0000000086900000, 0x0000000086900000, 0x0000000086a00000|  0%| F|  |TAMS 0x0000000086900000, 0x0000000086900000| Untracked 
| 106|0x0000000086a00000, 0x0000000086a00000, 0x0000000086b00000|  0%| F|  |TAMS 0x0000000086a00000, 0x0000000086a00000| Untracked 
| 107|0x0000000086b00000, 0x0000000086c00000, 0x0000000086c00000|100%| S|CS|TAMS 0x0000000086b00000, 0x0000000086b00000| Complete 
| 108|0x0000000086c00000, 0x0000000086d00000, 0x0000000086d00000|100%| S|CS|TAMS 0x0000000086c00000, 0x0000000086c00000| Complete 
| 109|0x0000000086d00000, 0x0000000086e00000, 0x0000000086e00000|100%| S|CS|TAMS 0x0000000086d00000, 0x0000000086d00000| Complete 
| 110|0x0000000086e00000, 0x0000000086f00000, 0x0000000086f00000|100%| S|CS|TAMS 0x0000000086e00000, 0x0000000086e00000| Complete 
| 111|0x0000000086f00000, 0x0000000087000000, 0x0000000087000000|100%| S|CS|TAMS 0x0000000086f00000, 0x0000000086f00000| Complete 
| 112|0x0000000087000000, 0x0000000087000000, 0x0000000087100000|  0%| F|  |TAMS 0x0000000087000000, 0x0000000087000000| Untracked 
| 113|0x0000000087100000, 0x0000000087100000, 0x0000000087200000|  0%| F|  |TAMS 0x0000000087100000, 0x0000000087100000| Untracked 
| 114|0x0000000087200000, 0x0000000087200000, 0x0000000087300000|  0%| F|  |TAMS 0x0000000087200000, 0x0000000087200000| Untracked 
| 115|0x0000000087300000, 0x0000000087400000, 0x0000000087400000|100%| S|CS|TAMS 0x0000000087300000, 0x0000000087300000| Complete 
| 116|0x0000000087400000, 0x0000000087400000, 0x0000000087500000|  0%| F|  |TAMS 0x0000000087400000, 0x0000000087400000| Untracked 
| 117|0x0000000087500000, 0x0000000087500000, 0x0000000087600000|  0%| F|  |TAMS 0x0000000087500000, 0x0000000087500000| Untracked 
| 118|0x0000000087600000, 0x0000000087600000, 0x0000000087700000|  0%| F|  |TAMS 0x0000000087600000, 0x0000000087600000| Untracked 
| 119|0x0000000087700000, 0x0000000087700000, 0x0000000087800000|  0%| F|  |TAMS 0x0000000087700000, 0x0000000087700000| Untracked 
| 120|0x0000000087800000, 0x0000000087800000, 0x0000000087900000|  0%| F|  |TAMS 0x0000000087800000, 0x0000000087800000| Untracked 
| 121|0x0000000087900000, 0x0000000087900000, 0x0000000087a00000|  0%| F|  |TAMS 0x0000000087900000, 0x0000000087900000| Untracked 
| 122|0x0000000087a00000, 0x0000000087a00000, 0x0000000087b00000|  0%| F|  |TAMS 0x0000000087a00000, 0x0000000087a00000| Untracked 
| 123|0x0000000087b00000, 0x0000000087b00000, 0x0000000087c00000|  0%| F|  |TAMS 0x0000000087b00000, 0x0000000087b00000| Untracked 
| 124|0x0000000087c00000, 0x0000000087c00000, 0x0000000087d00000|  0%| F|  |TAMS 0x0000000087c00000, 0x0000000087c00000| Untracked 
| 125|0x0000000087d00000, 0x0000000087d00000, 0x0000000087e00000|  0%| F|  |TAMS 0x0000000087d00000, 0x0000000087d00000| Untracked 
| 126|0x0000000087e00000, 0x0000000087e00000, 0x0000000087f00000|  0%| F|  |TAMS 0x0000000087e00000, 0x0000000087e00000| Untracked 
| 127|0x0000000087f00000, 0x0000000087f00000, 0x0000000088000000|  0%| F|  |TAMS 0x0000000087f00000, 0x0000000087f00000| Untracked 
| 128|0x0000000088000000, 0x0000000088000000, 0x0000000088100000|  0%| F|  |TAMS 0x0000000088000000, 0x0000000088000000| Untracked 
| 129|0x0000000088100000, 0x0000000088100000, 0x0000000088200000|  0%| F|  |TAMS 0x0000000088100000, 0x0000000088100000| Untracked 
| 130|0x0000000088200000, 0x0000000088200000, 0x0000000088300000|  0%| F|  |TAMS 0x0000000088200000, 0x0000000088200000| Untracked 
| 131|0x0000000088300000, 0x00000000883a67c0, 0x0000000088400000| 65%| E|  |TAMS 0x0000000088300000, 0x0000000088300000| Complete 
| 132|0x0000000088400000, 0x0000000088500000, 0x0000000088500000|100%| E|CS|TAMS 0x0000000088400000, 0x0000000088400000| Complete 
| 133|0x0000000088500000, 0x0000000088600000, 0x0000000088600000|100%| E|CS|TAMS 0x0000000088500000, 0x0000000088500000| Complete 
| 134|0x0000000088600000, 0x0000000088700000, 0x0000000088700000|100%| E|CS|TAMS 0x0000000088600000, 0x0000000088600000| Complete 
| 135|0x0000000088700000, 0x0000000088800000, 0x0000000088800000|100%| E|CS|TAMS 0x0000000088700000, 0x0000000088700000| Complete 
| 136|0x0000000088800000, 0x0000000088900000, 0x0000000088900000|100%| E|  |TAMS 0x0000000088800000, 0x0000000088800000| Complete 
| 137|0x0000000088900000, 0x0000000088a00000, 0x0000000088a00000|100%| E|CS|TAMS 0x0000000088900000, 0x0000000088900000| Complete 
| 138|0x0000000088a00000, 0x0000000088b00000, 0x0000000088b00000|100%| E|CS|TAMS 0x0000000088a00000, 0x0000000088a00000| Complete 
| 139|0x0000000088b00000, 0x0000000088c00000, 0x0000000088c00000|100%| E|CS|TAMS 0x0000000088b00000, 0x0000000088b00000| Complete 
| 140|0x0000000088c00000, 0x0000000088d00000, 0x0000000088d00000|100%| E|CS|TAMS 0x0000000088c00000, 0x0000000088c00000| Complete 
| 141|0x0000000088d00000, 0x0000000088e00000, 0x0000000088e00000|100%| E|CS|TAMS 0x0000000088d00000, 0x0000000088d00000| Complete 
| 142|0x0000000088e00000, 0x0000000088f00000, 0x0000000088f00000|100%| E|CS|TAMS 0x0000000088e00000, 0x0000000088e00000| Complete 
| 143|0x0000000088f00000, 0x0000000089000000, 0x0000000089000000|100%| E|CS|TAMS 0x0000000088f00000, 0x0000000088f00000| Complete 
| 144|0x0000000089000000, 0x0000000089100000, 0x0000000089100000|100%| E|CS|TAMS 0x0000000089000000, 0x0000000089000000| Complete 
| 145|0x0000000089100000, 0x0000000089200000, 0x0000000089200000|100%| E|CS|TAMS 0x0000000089100000, 0x0000000089100000| Complete 
| 146|0x0000000089200000, 0x0000000089300000, 0x0000000089300000|100%| E|CS|TAMS 0x0000000089200000, 0x0000000089200000| Complete 
| 147|0x0000000089300000, 0x0000000089400000, 0x0000000089400000|100%| E|CS|TAMS 0x0000000089300000, 0x0000000089300000| Complete 
| 148|0x0000000089400000, 0x0000000089500000, 0x0000000089500000|100%| E|CS|TAMS 0x0000000089400000, 0x0000000089400000| Complete 
| 149|0x0000000089500000, 0x0000000089600000, 0x0000000089600000|100%| E|CS|TAMS 0x0000000089500000, 0x0000000089500000| Complete 
| 150|0x0000000089600000, 0x0000000089700000, 0x0000000089700000|100%| E|CS|TAMS 0x0000000089600000, 0x0000000089600000| Complete 
| 151|0x0000000089700000, 0x0000000089800000, 0x0000000089800000|100%| E|CS|TAMS 0x0000000089700000, 0x0000000089700000| Complete 
| 152|0x0000000089800000, 0x0000000089900000, 0x0000000089900000|100%| E|CS|TAMS 0x0000000089800000, 0x0000000089800000| Complete 
| 153|0x0000000089900000, 0x0000000089a00000, 0x0000000089a00000|100%| E|CS|TAMS 0x0000000089900000, 0x0000000089900000| Complete 
| 154|0x0000000089a00000, 0x0000000089b00000, 0x0000000089b00000|100%| E|CS|TAMS 0x0000000089a00000, 0x0000000089a00000| Complete 
| 155|0x0000000089b00000, 0x0000000089c00000, 0x0000000089c00000|100%| E|CS|TAMS 0x0000000089b00000, 0x0000000089b00000| Complete 
| 156|0x0000000089c00000, 0x0000000089d00000, 0x0000000089d00000|100%| E|CS|TAMS 0x0000000089c00000, 0x0000000089c00000| Complete 
| 157|0x0000000089d00000, 0x0000000089e00000, 0x0000000089e00000|100%| E|CS|TAMS 0x0000000089d00000, 0x0000000089d00000| Complete 
| 158|0x0000000089e00000, 0x0000000089f00000, 0x0000000089f00000|100%| E|CS|TAMS 0x0000000089e00000, 0x0000000089e00000| Complete 
| 159|0x0000000089f00000, 0x000000008a000000, 0x000000008a000000|100%| E|CS|TAMS 0x0000000089f00000, 0x0000000089f00000| Complete 
| 160|0x000000008a000000, 0x000000008a100000, 0x000000008a100000|100%| E|CS|TAMS 0x000000008a000000, 0x000000008a000000| Complete 
| 161|0x000000008a100000, 0x000000008a200000, 0x000000008a200000|100%| E|CS|TAMS 0x000000008a100000, 0x000000008a100000| Complete 
| 162|0x000000008a200000, 0x000000008a300000, 0x000000008a300000|100%| E|CS|TAMS 0x000000008a200000, 0x000000008a200000| Complete 
| 163|0x000000008a300000, 0x000000008a400000, 0x000000008a400000|100%| E|CS|TAMS 0x000000008a300000, 0x000000008a300000| Complete 
| 164|0x000000008a400000, 0x000000008a500000, 0x000000008a500000|100%| E|CS|TAMS 0x000000008a400000, 0x000000008a400000| Complete 
| 165|0x000000008a500000, 0x000000008a600000, 0x000000008a600000|100%| E|CS|TAMS 0x000000008a500000, 0x000000008a500000| Complete 
| 166|0x000000008a600000, 0x000000008a700000, 0x000000008a700000|100%| E|CS|TAMS 0x000000008a600000, 0x000000008a600000| Complete 
| 167|0x000000008a700000, 0x000000008a800000, 0x000000008a800000|100%| E|CS|TAMS 0x000000008a700000, 0x000000008a700000| Complete 
| 168|0x000000008a800000, 0x000000008a900000, 0x000000008a900000|100%| E|CS|TAMS 0x000000008a800000, 0x000000008a800000| Complete 
| 169|0x000000008a900000, 0x000000008aa00000, 0x000000008aa00000|100%| E|CS|TAMS 0x000000008a900000, 0x000000008a900000| Complete 
| 170|0x000000008aa00000, 0x000000008ab00000, 0x000000008ab00000|100%| E|CS|TAMS 0x000000008aa00000, 0x000000008aa00000| Complete 
| 171|0x000000008ab00000, 0x000000008ac00000, 0x000000008ac00000|100%| E|CS|TAMS 0x000000008ab00000, 0x000000008ab00000| Complete 
| 172|0x000000008ac00000, 0x000000008ad00000, 0x000000008ad00000|100%| E|CS|TAMS 0x000000008ac00000, 0x000000008ac00000| Complete 
| 173|0x000000008ad00000, 0x000000008ae00000, 0x000000008ae00000|100%| E|CS|TAMS 0x000000008ad00000, 0x000000008ad00000| Complete 
| 174|0x000000008ae00000, 0x000000008af00000, 0x000000008af00000|100%| E|CS|TAMS 0x000000008ae00000, 0x000000008ae00000| Complete 
| 175|0x000000008af00000, 0x000000008b000000, 0x000000008b000000|100%| E|CS|TAMS 0x000000008af00000, 0x000000008af00000| Complete 
| 176|0x000000008b000000, 0x000000008b100000, 0x000000008b100000|100%| E|CS|TAMS 0x000000008b000000, 0x000000008b000000| Complete 
| 177|0x000000008b100000, 0x000000008b200000, 0x000000008b200000|100%| E|CS|TAMS 0x000000008b100000, 0x000000008b100000| Complete 
| 178|0x000000008b200000, 0x000000008b300000, 0x000000008b300000|100%| E|CS|TAMS 0x000000008b200000, 0x000000008b200000| Complete 
| 179|0x000000008b300000, 0x000000008b400000, 0x000000008b400000|100%| E|CS|TAMS 0x000000008b300000, 0x000000008b300000| Complete 
| 180|0x000000008b400000, 0x000000008b500000, 0x000000008b500000|100%| E|CS|TAMS 0x000000008b400000, 0x000000008b400000| Complete 
| 181|0x000000008b500000, 0x000000008b600000, 0x000000008b600000|100%| E|CS|TAMS 0x000000008b500000, 0x000000008b500000| Complete 
| 182|0x000000008b600000, 0x000000008b700000, 0x000000008b700000|100%| E|CS|TAMS 0x000000008b600000, 0x000000008b600000| Complete 
| 183|0x000000008b700000, 0x000000008b800000, 0x000000008b800000|100%| E|CS|TAMS 0x000000008b700000, 0x000000008b700000| Complete 
| 184|0x000000008b800000, 0x000000008b900000, 0x000000008b900000|100%| E|CS|TAMS 0x000000008b800000, 0x000000008b800000| Complete 
| 185|0x000000008b900000, 0x000000008ba00000, 0x000000008ba00000|100%| E|CS|TAMS 0x000000008b900000, 0x000000008b900000| Complete 
| 186|0x000000008ba00000, 0x000000008bb00000, 0x000000008bb00000|100%| E|CS|TAMS 0x000000008ba00000, 0x000000008ba00000| Complete 
| 187|0x000000008bb00000, 0x000000008bc00000, 0x000000008bc00000|100%| E|CS|TAMS 0x000000008bb00000, 0x000000008bb00000| Complete 
| 188|0x000000008bc00000, 0x000000008bd00000, 0x000000008bd00000|100%| E|CS|TAMS 0x000000008bc00000, 0x000000008bc00000| Complete 
| 189|0x000000008bd00000, 0x000000008be00000, 0x000000008be00000|100%| E|CS|TAMS 0x000000008bd00000, 0x000000008bd00000| Complete 

Card table byte_map: [0x000001f4d05c0000,0x000001f4d09c0000] _byte_map_base: 0x000001f4d01c0000

Marking Bits (Prev, Next): (CMBitMap*) 0x000001f4bb481990, (CMBitMap*) 0x000001f4bb481958
 Prev Bits: [0x000001f4d2dc0000, 0x000001f4d4dc0000)
 Next Bits: [0x000001f4d0dc0000, 0x000001f4d2dc0000)

Polling page: 0x000001f4bb520000

Metaspace:

Usage:
  Non-class:     76.07 MB capacity,    74.55 MB ( 98%) used,     1.25 MB (  2%) free+waste,   265.31 KB ( <1%) overhead. 
      Class:     11.60 MB capacity,    10.79 MB ( 93%) used,   714.88 KB (  6%) free+waste,   118.63 KB ( <1%) overhead. 
       Both:     87.67 MB capacity,    85.34 MB ( 97%) used,     1.95 MB (  2%) free+waste,   383.94 KB ( <1%) overhead. 

Virtual space:
  Non-class space:       78.00 MB reserved,      76.25 MB ( 98%) committed 
      Class space:        1.00 GB reserved,      11.70 MB (  1%) committed 
             Both:        1.08 GB reserved,      87.95 MB (  8%) committed 

Chunk freelists:
   Non-Class:  60.00 KB
       Class:  0 bytes
        Both:  60.00 KB

MaxMetaspaceSize: 17179869184.00 GB
CompressedClassSpaceSize: 1.00 GB
Initial GC threshold: 20.80 MB
Current GC threshold: 98.67 MB
CDS: off

CodeHeap 'non-profiled nmethods': size=120000Kb used=7156Kb max_used=7156Kb free=112843Kb
 bounds [0x000001f4c8220000, 0x000001f4c8920000, 0x000001f4cf750000]
CodeHeap 'profiled nmethods': size=120000Kb used=23831Kb max_used=23831Kb free=96168Kb
 bounds [0x000001f4c0cf0000, 0x000001f4c2440000, 0x000001f4c8220000]
CodeHeap 'non-nmethods': size=5760Kb used=2372Kb max_used=2436Kb free=3387Kb
 bounds [0x000001f4c0750000, 0x000001f4c09c0000, 0x000001f4c0cf0000]
 total_blobs=11921 nmethods=11048 adapters=785
 compilation: enabled
              stopped_count=0, restarted_count=0
 full_count=0

Compilation events (20 events):
Event: 238.512 Thread 0x000001f4d8148800 nmethod 11108 0x000001f4c242dc10 code [0x000001f4c242de40, 0x000001f4c242e3c8]
Event: 238.512 Thread 0x000001f4d8148800 11109       3       org.gradle.internal.service.DefaultServiceRegistry$OwnServices$ProviderAnalyser::<init> (24 bytes)
Event: 238.512 Thread 0x000001f4d8148800 nmethod 11109 0x000001f4c242e610 code [0x000001f4c242e820, 0x000001f4c242ed48]
Event: 238.512 Thread 0x000001f4d8148800 11110       3       java.util.HashSet::<init> (18 bytes)
Event: 238.512 Thread 0x000001f4d8148800 nmethod 11110 0x000001f4c242ef10 code [0x000001f4c242f0e0, 0x000001f4c242f408]
Event: 238.512 Thread 0x000001f4d8148800 11111       3       org.gradle.internal.service.DefaultServiceRegistry$ThisAsService::<init> (6 bytes)
Event: 238.513 Thread 0x000001f4d8148800 nmethod 11111 0x000001f4c242f590 code [0x000001f4c242f740, 0x000001f4c242f958]
Event: 238.513 Thread 0x000001f4d8148800 11112       3       org.gradle.internal.service.DefaultServiceRegistry$ThisAsService::<init> (10 bytes)
Event: 238.513 Thread 0x000001f4d8148800 nmethod 11112 0x000001f4c242fa90 code [0x000001f4c242fc40, 0x000001f4c242fdf8]
Event: 238.513 Thread 0x000001f4d8148800 11115   !   3       org.gradle.internal.instantiation.ManagedTypeFactory::fromState (61 bytes)
Event: 238.514 Thread 0x000001f4d8148800 nmethod 11115 0x000001f4c242ff10 code [0x000001f4c24301e0, 0x000001f4c2430e58]
Event: 238.514 Thread 0x000001f4d8148800 11114       3       com.google.common.reflect.TypeToken::getSupertype (95 bytes)
Event: 238.515 Thread 0x000001f4d8148800 nmethod 11114 0x000001f4c2431590 code [0x000001f4c2431960, 0x000001f4c2433578]
Event: 238.515 Thread 0x000001f4d8148800 11118       3       org.gradle.internal.service.DefaultServiceRegistry::<init> (108 bytes)
Event: 238.516 Thread 0x000001f4d8148800 nmethod 11118 0x000001f4c2433d90 code [0x000001f4c2434000, 0x000001f4c2434c68]
Event: 238.516 Thread 0x000001f4d8148800 11119       3       org.gradle.internal.instantiation.generator.DefaultInstantiationScheme::<init> (59 bytes)
Event: 238.516 Thread 0x000001f4d8148800 nmethod 11119 0x000001f4c2434f90 code [0x000001f4c24351a0, 0x000001f4c2435998]
Event: 238.516 Thread 0x000001f4d8148800 11116       3       org.gradle.api.internal.provider.DefaultValueSourceProviderFactory::extractParametersTypeOf (10 bytes)
Event: 238.516 Thread 0x000001f4d8148800 nmethod 11116 0x000001f4c2435b90 code [0x000001f4c2435d40, 0x000001f4c2435e88]
Event: 238.516 Thread 0x000001f4d8148800 11120       3       com.google.common.reflect.TypeToken::toGenericType (99 bytes)

GC Heap History (20 events):
Event: 6.009 GC heap before
{Heap before GC invocations=6 (full 0):
 garbage-first heap   total 194560K, used 128681K [0x0000000080000000, 0x0000000100000000)
  region size 1024K, 107 young (109568K), 6 survivors (6144K)
 Metaspace       used 43470K, capacity 44492K, committed 44620K, reserved 1087488K
  class space    used 5556K, capacity 5928K, committed 5964K, reserved 1048576K
}
Event: 6.021 GC heap after
{Heap after GC invocations=7 (full 0):
 garbage-first heap   total 194560K, used 28267K [0x0000000080000000, 0x0000000100000000)
  region size 1024K, 12 young (12288K), 12 survivors (12288K)
 Metaspace       used 43470K, capacity 44492K, committed 44620K, reserved 1087488K
  class space    used 5556K, capacity 5928K, committed 5964K, reserved 1048576K
}
Event: 7.939 GC heap before
{Heap before GC invocations=7 (full 0):
 garbage-first heap   total 194560K, used 136811K [0x0000000080000000, 0x0000000100000000)
  region size 1024K, 114 young (116736K), 12 survivors (12288K)
 Metaspace       used 51337K, capacity 52822K, committed 52940K, reserved 1095680K
  class space    used 6540K, capacity 7023K, committed 7116K, reserved 1048576K
}
Event: 7.953 GC heap after
{Heap after GC invocations=8 (full 0):
 garbage-first heap   total 194560K, used 42793K [0x0000000080000000, 0x0000000100000000)
  region size 1024K, 15 young (15360K), 15 survivors (15360K)
 Metaspace       used 51337K, capacity 52822K, committed 52940K, reserved 1095680K
  class space    used 6540K, capacity 7023K, committed 7116K, reserved 1048576K
}
Event: 8.945 GC heap before
{Heap before GC invocations=8 (full 0):
 garbage-first heap   total 194560K, used 86825K [0x0000000080000000, 0x0000000100000000)
  region size 1024K, 59 young (60416K), 15 survivors (15360K)
 Metaspace       used 58613K, capacity 60123K, committed 60236K, reserved 1101824K
  class space    used 7417K, capacity 7942K, committed 8012K, reserved 1048576K
}
Event: 8.971 GC heap after
{Heap after GC invocations=9 (full 0):
 garbage-first heap   total 194560K, used 46047K [0x0000000080000000, 0x0000000100000000)
  region size 1024K, 3 young (3072K), 3 survivors (3072K)
 Metaspace       used 58613K, capacity 60123K, committed 60236K, reserved 1101824K
  class space    used 7417K, capacity 7942K, committed 8012K, reserved 1048576K
}
Event: 10.068 GC heap before
{Heap before GC invocations=10 (full 0):
 garbage-first heap   total 194560K, used 121823K [0x0000000080000000, 0x0000000100000000)
  region size 1024K, 77 young (78848K), 3 survivors (3072K)
 Metaspace       used 64354K, capacity 66074K, committed 66124K, reserved 1105920K
  class space    used 8156K, capacity 8760K, committed 8780K, reserved 1048576K
}
Event: 10.077 GC heap after
{Heap after GC invocations=11 (full 0):
 garbage-first heap   total 194560K, used 51748K [0x0000000080000000, 0x0000000100000000)
  region size 1024K, 9 young (9216K), 9 survivors (9216K)
 Metaspace       used 64354K, capacity 66074K, committed 66124K, reserved 1105920K
  class space    used 8156K, capacity 8760K, committed 8780K, reserved 1048576K
}
Event: 11.584 GC heap before
{Heap before GC invocations=11 (full 0):
 garbage-first heap   total 194560K, used 128548K [0x0000000080000000, 0x0000000100000000)
  region size 1024K, 84 young (86016K), 9 survivors (9216K)
 Metaspace       used 71726K, capacity 73505K, committed 73676K, reserved 1114112K
  class space    used 9285K, capacity 9898K, committed 9932K, reserved 1048576K
}
Event: 11.595 GC heap after
{Heap after GC invocations=12 (full 0):
 garbage-first heap   total 194560K, used 56992K [0x0000000080000000, 0x0000000100000000)
  region size 1024K, 6 young (6144K), 6 survivors (6144K)
 Metaspace       used 71726K, capacity 73505K, committed 73676K, reserved 1114112K
  class space    used 9285K, capacity 9898K, committed 9932K, reserved 1048576K
}
Event: 13.070 GC heap before
{Heap before GC invocations=12 (full 0):
 garbage-first heap   total 194560K, used 133792K [0x0000000080000000, 0x0000000100000000)
  region size 1024K, 82 young (83968K), 6 survivors (6144K)
 Metaspace       used 80293K, capacity 82249K, committed 82508K, reserved 1120256K
  class space    used 10387K, capacity 11049K, committed 11084K, reserved 1048576K
}
Event: 13.082 GC heap after
{Heap after GC invocations=13 (full 0):
 garbage-first heap   total 194560K, used 63986K [0x0000000080000000, 0x0000000100000000)
  region size 1024K, 11 young (11264K), 11 survivors (11264K)
 Metaspace       used 80293K, capacity 82249K, committed 82508K, reserved 1120256K
  class space    used 10387K, capacity 11049K, committed 11084K, reserved 1048576K
}
Event: 14.626 GC heap before
{Heap before GC invocations=13 (full 0):
 garbage-first heap   total 194560K, used 139762K [0x0000000080000000, 0x0000000100000000)
  region size 1024K, 86 young (88064K), 11 survivors (11264K)
 Metaspace       used 82243K, capacity 84544K, committed 84684K, reserved 1122304K
  class space    used 10630K, capacity 11452K, committed 11468K, reserved 1048576K
}
Event: 14.643 GC heap after
{Heap after GC invocations=14 (full 0):
 garbage-first heap   total 194560K, used 69992K [0x0000000080000000, 0x0000000100000000)
  region size 1024K, 6 young (6144K), 6 survivors (6144K)
 Metaspace       used 82243K, capacity 84544K, committed 84684K, reserved 1122304K
  class space    used 10630K, capacity 11452K, committed 11468K, reserved 1048576K
}
Event: 15.714 GC heap before
{Heap before GC invocations=14 (full 0):
 garbage-first heap   total 194560K, used 144744K [0x0000000080000000, 0x0000000100000000)
  region size 1024K, 80 young (81920K), 6 survivors (6144K)
 Metaspace       used 83027K, capacity 85310K, committed 85580K, reserved 1124352K
  class space    used 10686K, capacity 11513K, committed 11596K, reserved 1048576K
}
Event: 15.724 GC heap after
{Heap after GC invocations=15 (full 0):
 garbage-first heap   total 194560K, used 75223K [0x0000000080000000, 0x0000000100000000)
  region size 1024K, 6 young (6144K), 6 survivors (6144K)
 Metaspace       used 83027K, capacity 85310K, committed 85580K, reserved 1124352K
  class space    used 10686K, capacity 11513K, committed 11596K, reserved 1048576K
}
Event: 16.432 GC heap before
{Heap before GC invocations=15 (full 0):
 garbage-first heap   total 194560K, used 148951K [0x0000000080000000, 0x0000000100000000)
  region size 1024K, 79 young (80896K), 6 survivors (6144K)
 Metaspace       used 83312K, capacity 85646K, committed 85836K, reserved 1124352K
  class space    used 10719K, capacity 11532K, committed 11596K, reserved 1048576K
}
Event: 16.444 GC heap after
{Heap after GC invocations=16 (full 0):
 garbage-first heap   total 194560K, used 78763K [0x0000000080000000, 0x0000000100000000)
  region size 1024K, 9 young (9216K), 9 survivors (9216K)
 Metaspace       used 83312K, capacity 85646K, committed 85836K, reserved 1124352K
  class space    used 10719K, capacity 11532K, committed 11596K, reserved 1048576K
}
Event: 17.242 GC heap before
{Heap before GC invocations=16 (full 0):
 garbage-first heap   total 194560K, used 152491K [0x0000000080000000, 0x0000000100000000)
  region size 1024K, 82 young (83968K), 9 survivors (9216K)
 Metaspace       used 83381K, capacity 85723K, committed 85836K, reserved 1124352K
  class space    used 10722K, capacity 11534K, committed 11596K, reserved 1048576K
}
Event: 17.253 GC heap after
{Heap after GC invocations=17 (full 0):
 garbage-first heap   total 194560K, used 82095K [0x0000000080000000, 0x0000000100000000)
  region size 1024K, 8 young (8192K), 8 survivors (8192K)
 Metaspace       used 83381K, capacity 85723K, committed 85836K, reserved 1124352K
  class space    used 10722K, capacity 11534K, committed 11596K, reserved 1048576K
}

Deoptimization events (20 events):
Event: 238.187 Thread 0x000001f4d95fa800 Uncommon trap: trap_request=0xffffff4d fr.pc=0x000001f4c8857d04 relative=0x0000000000000c44
Event: 238.187 Thread 0x000001f4d95fa800 Uncommon trap: reason=unstable_if action=reinterpret pc=0x000001f4c8857d04 method=org.gradle.tooling.internal.provider.runner.SubtreeFilteringBuildOperationListener.started(Lorg/gradle/internal/operations/BuildOperationDescriptor;Lorg/gradle/internal/oper
Event: 238.187 Thread 0x000001f4d95fa800 DEOPT PACKING pc=0x000001f4c8857d04 sp=0x00000082990fd250
Event: 238.187 Thread 0x000001f4d95fa800 DEOPT UNPACKING pc=0x000001f4c07585af sp=0x00000082990fd228 mode 2
Event: 238.201 Thread 0x000001f4d95fa800 Uncommon trap: trap_request=0xffffff4d fr.pc=0x000001f4c87f7034 relative=0x0000000000005734
Event: 238.201 Thread 0x000001f4d95fa800 Uncommon trap: reason=unstable_if action=reinterpret pc=0x000001f4c87f7034 method=org.gradle.cache.internal.DefaultCrossBuildInMemoryCacheFactory$AbstractCrossBuildInMemoryCache.getIfPresentWithoutLock(Ljava/lang/Object;)Ljava/lang/Object; @ 24 c2
Event: 238.201 Thread 0x000001f4d95fa800 DEOPT PACKING pc=0x000001f4c87f7034 sp=0x00000082990f9800
Event: 238.201 Thread 0x000001f4d95fa800 DEOPT UNPACKING pc=0x000001f4c07585af sp=0x00000082990f9610 mode 2
Event: 238.206 Thread 0x000001f4d95fa800 Uncommon trap: trap_request=0xffffff4d fr.pc=0x000001f4c8892690 relative=0x0000000000000410
Event: 238.206 Thread 0x000001f4d95fa800 Uncommon trap: reason=unstable_if action=reinterpret pc=0x000001f4c8892690 method=org.gradle.tooling.internal.provider.runner.PluginApplicationTracker.started(Lorg/gradle/internal/operations/BuildOperationDescriptor;Lorg/gradle/internal/operations/Operati
Event: 238.206 Thread 0x000001f4d95fa800 DEOPT PACKING pc=0x000001f4c8892690 sp=0x00000082990fb320
Event: 238.206 Thread 0x000001f4d95fa800 DEOPT UNPACKING pc=0x000001f4c07585af sp=0x00000082990fb2c0 mode 2
Event: 238.225 Thread 0x000001f4d95fa800 DEOPT PACKING pc=0x000001f4c117cf91 sp=0x00000082990fab60
Event: 238.225 Thread 0x000001f4d95fa800 DEOPT UNPACKING pc=0x000001f4c0799d0e sp=0x00000082990fa038 mode 0
Event: 238.349 Thread 0x000001f4d95fa800 DEOPT PACKING pc=0x000001f4c2165276 sp=0x00000082990f8800
Event: 238.349 Thread 0x000001f4d95fa800 DEOPT UNPACKING pc=0x000001f4c0799d0e sp=0x00000082990f7d20 mode 0
Event: 238.471 Thread 0x000001f4d95fa800 Uncommon trap: trap_request=0xffffffc6 fr.pc=0x000001f4c833d6f8 relative=0x0000000000000218
Event: 238.471 Thread 0x000001f4d95fa800 Uncommon trap: reason=bimorphic_or_optimized_type_check action=maybe_recompile pc=0x000001f4c833d6f8 method=com.google.common.base.CharMatcher.indexIn(Ljava/lang/CharSequence;I)I @ 31 c2
Event: 238.471 Thread 0x000001f4d95fa800 DEOPT PACKING pc=0x000001f4c833d6f8 sp=0x00000082990f8e80
Event: 238.471 Thread 0x000001f4d95fa800 DEOPT UNPACKING pc=0x000001f4c07585af sp=0x00000082990f8e28 mode 2

Classes redefined (0 events):
No events

Internal exceptions (20 events):
Event: 13.760 Thread 0x000001f4dc06e000 Exception <a 'java/lang/NoSuchMethodError'{0x000000008aa020c0}: 'java.lang.Object java.lang.invoke.DirectMethodHandle$Holder.invokeSpecialIFC(java.lang.Object, java.lang.Object, java.lang.Object)'> (0x000000008aa020c0) thrown at [./src/hotspot/share/interpreter/linkResolver.cpp, line 773]
Event: 13.760 Thread 0x000001f4dc06f800 Exception <a 'java/lang/NoSuchMethodError'{0x000000008abf1620}: 'java.lang.Object java.lang.invoke.DirectMethodHandle$Holder.invokeSpecialIFC(java.lang.Object, java.lang.Object, java.lang.Object)'> (0x000000008abf1620) thrown at [./src/hotspot/share/interpreter/linkResolver.cpp, line 773]
Event: 13.760 Thread 0x000001f4dc06e800 Exception <a 'java/lang/NoSuchMethodError'{0x000000008abdca68}: 'java.lang.Object java.lang.invoke.DirectMethodHandle$Holder.invokeSpecialIFC(java.lang.Object, java.lang.Object, java.lang.Object)'> (0x000000008abdca68) thrown at [./src/hotspot/share/interpreter/linkResolver.cpp, line 773]
Event: 13.812 Thread 0x000001f4dc06a800 Exception <a 'java/lang/NoSuchMethodError'{0x000000008a7ea6c0}: 'int java.lang.invoke.DirectMethodHandle$Holder.invokeStaticInit(java.lang.Object, java.lang.Object, java.lang.Object, java.lang.Object, java.lang.Object)'> (0x000000008a7ea6c0) thrown at [./src/hotspot/share/interpreter/linkResolver.cpp, line 773]
Event: 14.056 Thread 0x000001f4dc06e000 Exception <a 'java/lang/NoSuchMethodError'{0x0000000089968718}: 'void java.lang.invoke.DirectMethodHandle$Holder.invokeVirtual(java.lang.Object, java.lang.Object)'> (0x0000000089968718) thrown at [./src/hotspot/share/interpreter/linkResolver.cpp, line 773]
Event: 14.816 Thread 0x000001f4d95fb000 Exception <a 'java/lang/IncompatibleClassChangeError'{0x000000008b5753b8}: Found class java.lang.Object, but interface was expected> (0x000000008b5753b8) thrown at [./src/hotspot/share/interpreter/linkResolver.cpp, line 839]
Event: 16.016 Thread 0x000001f4d95fb000 Exception <a 'java/lang/NoSuchMethodError'{0x0000000089a1fbd0}: <clinit>> (0x0000000089a1fbd0) thrown at [./src/hotspot/share/prims/jni.cpp, line 1365]
Event: 16.016 Thread 0x000001f4d95fb000 Exception <a 'java/lang/NoSuchMethodError'{0x0000000089a20f08}: <clinit>> (0x0000000089a20f08) thrown at [./src/hotspot/share/prims/jni.cpp, line 1365]
Event: 16.016 Thread 0x000001f4d95fb000 Exception <a 'java/lang/NoSuchMethodError'{0x0000000089a23668}: <clinit>> (0x0000000089a23668) thrown at [./src/hotspot/share/prims/jni.cpp, line 1365]
Event: 16.019 Thread 0x000001f4d95fb000 Exception <a 'java/lang/NoSuchMethodError'{0x0000000089a3cd88}: <clinit>> (0x0000000089a3cd88) thrown at [./src/hotspot/share/prims/jni.cpp, line 1365]
Event: 16.019 Thread 0x000001f4d95fb000 Exception <a 'java/lang/NoSuchMethodError'{0x0000000089a3e268}: <clinit>> (0x0000000089a3e268) thrown at [./src/hotspot/share/prims/jni.cpp, line 1365]
Event: 16.240 Thread 0x000001f4d95fb000 Exception <a 'java/lang/NoSuchMethodError'{0x00000000886ccbd0}: 'int java.lang.invoke.DirectMethodHandle$Holder.invokeSpecial(java.lang.Object, java.lang.Object, java.lang.Object, java.lang.Object, java.lang.Object)'> (0x00000000886ccbd0) thrown at [./src/hotspot/share/interpreter/linkResolver.cpp, line 773]
Event: 16.283 Thread 0x000001f4dc06f800 Implicit null exception at 0x000001f4c8839452 to 0x000001f4c8839d1c
Event: 16.283 Thread 0x000001f4dc067800 Implicit null exception at 0x000001f4c8839452 to 0x000001f4c8839d1c
Event: 16.422 Thread 0x000001f4dc06b800 Implicit null exception at 0x000001f4c8852552 to 0x000001f4c8852958
Event: 17.490 Thread 0x000001f4d95f7000 Exception <a 'sun/nio/fs/WindowsException'{0x000000008a877cd8}> (0x000000008a877cd8) thrown at [./src/hotspot/share/prims/jni.cpp, line 615]
Event: 17.540 Thread 0x000001f4d9aea800 Exception <a 'java/lang/NoSuchMethodError'{0x000000008a65c210}: 'int java.lang.invoke.DirectMethodHandle$Holder.invokeVirtual(java.lang.Object, java.lang.Object, java.lang.Object)'> (0x000000008a65c210) thrown at [./src/hotspot/share/interpreter/linkResolver.cpp, line 773]
Event: 22.195 Thread 0x000001f4da57f000 Implicit null exception at 0x000001f4c864f894 to 0x000001f4c864fee0
Event: 22.195 Thread 0x000001f4da57f000 Implicit null exception at 0x000001f4c85fe494 to 0x000001f4c85fead4
Event: 238.187 Thread 0x000001f4d95fa800 Implicit null exception at 0x000001f4c8857102 to 0x000001f4c8857ce8

Events (20 events):
Event: 238.244 Thread 0x000001f4dc068000 Thread added: 0x000001f4dc068000
Event: 238.401 Thread 0x000001f4dc063800 Thread added: 0x000001f4dc063800
Event: 238.401 Thread 0x000001f4dc06e000 Thread added: 0x000001f4dc06e000
Event: 238.401 Thread 0x000001f4dc06a800 Thread added: 0x000001f4dc06a800
Event: 238.401 Thread 0x000001f4dc06b800 Thread added: 0x000001f4dc06b800
Event: 238.401 Thread 0x000001f4dc06e800 Thread added: 0x000001f4dc06e800
Event: 238.401 Thread 0x000001f4dc06f800 Thread added: 0x000001f4dc06f800
Event: 238.401 Thread 0x000001f4dc06c800 Thread added: 0x000001f4dc06c800
Event: 238.401 Thread 0x000001f4dc06d000 Thread added: 0x000001f4dc06d000
Event: 238.401 Executing VM operation: RevokeBias
Event: 238.402 Executing coalesced safepoint VM operation: RevokeBias
Event: 238.402 Executing coalesced safepoint VM operation: RevokeBias done
Event: 238.402 Executing coalesced safepoint VM operation: RevokeBias
Event: 238.402 Executing coalesced safepoint VM operation: RevokeBias done
Event: 238.402 Executing VM operation: RevokeBias done
Event: 238.475 Executing VM operation: RevokeBias
Event: 238.475 Executing VM operation: RevokeBias done
Event: 238.495 Executing VM operation: RevokeBias
Event: 238.495 Executing VM operation: RevokeBias done
Event: 238.520 Executing VM operation: RevokeBias


Dynamic libraries:
0x00007ff6a0e10000 - 0x00007ff6a0e1a000 	C:\Program Files\Android\Android Studio1\jre\bin\java.exe
0x00007ff98f030000 - 0x00007ff98f228000 	C:\WINDOWS\SYSTEM32\ntdll.dll
0x00007ff98df60000 - 0x00007ff98e01d000 	C:\WINDOWS\System32\KERNEL32.DLL
0x00007ff98ca40000 - 0x00007ff98cd0e000 	C:\WINDOWS\System32\KERNELBASE.dll
0x00007ff98c750000 - 0x00007ff98c850000 	C:\WINDOWS\System32\ucrtbase.dll
0x00007ff93e380000 - 0x00007ff93e397000 	C:\Program Files\Android\Android Studio1\jre\bin\VCRUNTIME140.dll
0x00007ff9353a0000 - 0x00007ff9353b9000 	C:\Program Files\Android\Android Studio1\jre\bin\jli.dll
0x00007ff98d1c0000 - 0x00007ff98d360000 	C:\WINDOWS\System32\USER32.dll
0x00007ff98cf70000 - 0x00007ff98cf92000 	C:\WINDOWS\System32\win32u.dll
0x00007ff98bb00000 - 0x00007ff98bd9a000 	C:\WINDOWS\WinSxS\amd64_microsoft.windows.common-controls_6595b64144ccf1df_6.0.19041.1110_none_60b5254171f9507e\COMCTL32.dll
0x00007ff98de40000 - 0x00007ff98de6a000 	C:\WINDOWS\System32\GDI32.dll
0x00007ff98e3a0000 - 0x00007ff98e43e000 	C:\WINDOWS\System32\msvcrt.dll
0x00007ff98cd80000 - 0x00007ff98ce8b000 	C:\WINDOWS\System32\gdi32full.dll
0x00007ff98cff0000 - 0x00007ff98d08d000 	C:\WINDOWS\System32\msvcp_win.dll
0x00007ff98d360000 - 0x00007ff98d390000 	C:\WINDOWS\System32\IMM32.DLL
0x00007ff925f80000 - 0x00007ff92601d000 	C:\Program Files\Android\Android Studio1\jre\bin\msvcp140.dll
0x00007ff92f7b0000 - 0x00007ff930295000 	C:\Program Files\Android\Android Studio1\jre\bin\server\jvm.dll
0x00007ff98ee00000 - 0x00007ff98eeae000 	C:\WINDOWS\System32\ADVAPI32.dll
0x00007ff98e260000 - 0x00007ff98e2fc000 	C:\WINDOWS\System32\sechost.dll
0x00007ff98d090000 - 0x00007ff98d1b5000 	C:\WINDOWS\System32\RPCRT4.dll
0x00007ff98eac0000 - 0x00007ff98eac8000 	C:\WINDOWS\System32\PSAPI.DLL
0x00007ff978c90000 - 0x00007ff978cb7000 	C:\WINDOWS\SYSTEM32\WINMM.dll
0x00007ff984500000 - 0x00007ff984509000 	C:\WINDOWS\SYSTEM32\WSOCK32.dll
0x00007ff984b50000 - 0x00007ff984b5a000 	C:\WINDOWS\SYSTEM32\VERSION.dll
0x00007ff98e970000 - 0x00007ff98e9db000 	C:\WINDOWS\System32\WS2_32.dll
0x00007ff98a980000 - 0x00007ff98a992000 	C:\WINDOWS\SYSTEM32\kernel.appcore.dll
0x00007ff97faf0000 - 0x00007ff97fb01000 	C:\Program Files\Android\Android Studio1\jre\bin\verify.dll
0x00007ff98c080000 - 0x00007ff98c264000 	C:\WINDOWS\SYSTEM32\DBGHELP.DLL
0x00007ff98beb0000 - 0x00007ff98bedc000 	C:\WINDOWS\SYSTEM32\dbgcore.DLL
0x00007ff98c850000 - 0x00007ff98c8d2000 	C:\WINDOWS\System32\bcryptPrimitives.dll
0x00007ff97f770000 - 0x00007ff97f799000 	C:\Program Files\Android\Android Studio1\jre\bin\java.dll
0x00007ff9844b0000 - 0x00007ff9844bb000 	C:\Program Files\Android\Android Studio1\jre\bin\jimage.dll
0x00007ff97f750000 - 0x00007ff97f768000 	C:\Program Files\Android\Android Studio1\jre\bin\zip.dll
0x00007ff98d390000 - 0x00007ff98dad3000 	C:\WINDOWS\System32\SHELL32.dll
0x00007ff98a1d0000 - 0x00007ff98a965000 	C:\WINDOWS\SYSTEM32\windows.storage.dll
0x00007ff98dae0000 - 0x00007ff98de34000 	C:\WINDOWS\System32\combase.dll
0x00007ff98ba60000 - 0x00007ff98ba90000 	C:\WINDOWS\SYSTEM32\Wldp.dll
0x00007ff98e1b0000 - 0x00007ff98e25d000 	C:\WINDOWS\System32\SHCORE.dll
0x00007ff98df00000 - 0x00007ff98df55000 	C:\WINDOWS\System32\shlwapi.dll
0x00007ff98c690000 - 0x00007ff98c6af000 	C:\WINDOWS\SYSTEM32\profapi.dll
0x00007ff97f730000 - 0x00007ff97f74a000 	C:\Program Files\Android\Android Studio1\jre\bin\net.dll
0x00007ff97fe80000 - 0x00007ff97ff8a000 	C:\WINDOWS\SYSTEM32\WINHTTP.dll
0x00007ff98b750000 - 0x00007ff98b7ba000 	C:\WINDOWS\system32\mswsock.dll
0x00007ff97f710000 - 0x00007ff97f724000 	C:\Program Files\Android\Android Studio1\jre\bin\nio.dll
0x00007ff93b240000 - 0x00007ff93b267000 	C:\Users\dagxu\.gradle\native\8bec1ad78214c89d9ad589b4d07fe93259594b29d510b10fafb7a158f7737e5d\windows-amd64\native-platform.dll
0x00007ff926020000 - 0x00007ff92615d000 	C:\Users\dagxu\.gradle\native\53dbd7edfb1c66fb8903c78663c9afc45aea4f116125fa6feffd364cf09443e8\windows-amd64\native-platform-file-events.dll
0x00007ff97f700000 - 0x00007ff97f70a000 	C:\Program Files\Android\Android Studio1\jre\bin\management.dll
0x00007ff97f6f0000 - 0x00007ff97f6fd000 	C:\Program Files\Android\Android Studio1\jre\bin\management_ext.dll
0x00007ff98c410000 - 0x00007ff98c428000 	C:\WINDOWS\SYSTEM32\CRYPTSP.dll
0x00007ff98b160000 - 0x00007ff98b194000 	C:\WINDOWS\system32\rsaenh.dll
0x00007ff98ce90000 - 0x00007ff98ceb7000 	C:\WINDOWS\System32\bcrypt.dll
0x00007ff98c610000 - 0x00007ff98c63e000 	C:\WINDOWS\SYSTEM32\USERENV.dll
0x00007ff98b980000 - 0x00007ff98b98c000 	C:\WINDOWS\SYSTEM32\CRYPTBASE.dll
0x00007ff98b480000 - 0x00007ff98b4bb000 	C:\WINDOWS\SYSTEM32\IPHLPAPI.DLL
0x00007ff98def0000 - 0x00007ff98def8000 	C:\WINDOWS\System32\NSI.dll
0x00007ff982fb0000 - 0x00007ff982fc7000 	C:\WINDOWS\SYSTEM32\dhcpcsvc6.DLL
0x00007ff982f90000 - 0x00007ff982fad000 	C:\WINDOWS\SYSTEM32\dhcpcsvc.DLL
0x00007ff98b4c0000 - 0x00007ff98b58a000 	C:\WINDOWS\SYSTEM32\DNSAPI.dll

dbghelp: loaded successfully - version: 4.0.5 - missing functions: none
symbol engine: initialized successfully - sym options: 0x614 - pdb path: .;C:\Program Files\Android\Android Studio1\jre\bin;C:\WINDOWS\SYSTEM32;C:\WINDOWS\WinSxS\amd64_microsoft.windows.common-controls_6595b64144ccf1df_6.0.19041.1110_none_60b5254171f9507e;C:\Program Files\Android\Android Studio1\jre\bin\server;C:\Users\dagxu\.gradle\native\8bec1ad78214c89d9ad589b4d07fe93259594b29d510b10fafb7a158f7737e5d\windows-amd64;C:\Users\dagxu\.gradle\native\53dbd7edfb1c66fb8903c78663c9afc45aea4f116125fa6feffd364cf09443e8\windows-amd64

VM Arguments:
jvm_args: --add-opens=java.base/java.util=ALL-UNNAMED --add-opens=java.base/java.lang=ALL-UNNAMED --add-opens=java.base/java.lang.invoke=ALL-UNNAMED --add-opens=java.base/java.util=ALL-UNNAMED --add-opens=java.prefs/java.util.prefs=ALL-UNNAMED --add-opens=java.prefs/java.util.prefs=ALL-UNNAMED --add-opens=java.base/java.nio.charset=ALL-UNNAMED --add-opens=java.base/java.net=ALL-UNNAMED --add-opens=java.base/java.util.concurrent.atomic=ALL-UNNAMED -Xmx2048m -Dfile.encoding=UTF-8 -Duser.country=US -Duser.language=en -Duser.variant 
java_command: org.gradle.launcher.daemon.bootstrap.GradleDaemon 7.0.2
java_class_path (initial): C:\Users\dagxu\.gradle\wrapper\dists\gradle-7.0.2-bin\857tjihv64xamwrf0h14cai3r\gradle-7.0.2\lib\gradle-launcher-7.0.2.jar
Launcher Type: SUN_STANDARD

[Global flags]
     intx CICompilerCount                          = 4                                         {product} {ergonomic}
     uint ConcGCThreads                            = 2                                         {product} {ergonomic}
     uint G1ConcRefinementThreads                  = 8                                         {product} {ergonomic}
   size_t G1HeapRegionSize                         = 1048576                                   {product} {ergonomic}
    uintx GCDrainStackTargetSize                   = 64                                        {product} {ergonomic}
   size_t InitialHeapSize                          = 199229440                                 {product} {ergonomic}
   size_t MarkStackSize                            = 4194304                                   {product} {ergonomic}
   size_t MaxHeapSize                              = 2147483648                                {product} {command line}
   size_t MaxNewSize                               = 1287651328                                {product} {ergonomic}
   size_t MinHeapDeltaBytes                        = 1048576                                   {product} {ergonomic}
    uintx NonNMethodCodeHeapSize                   = 5836300                                {pd product} {ergonomic}
    uintx NonProfiledCodeHeapSize                  = 122910970                              {pd product} {ergonomic}
    uintx ProfiledCodeHeapSize                     = 122910970                              {pd product} {ergonomic}
    uintx ReservedCodeCacheSize                    = 251658240                              {pd product} {ergonomic}
     bool SegmentedCodeCache                       = true                                      {product} {ergonomic}
     bool UseCompressedClassPointers               = true                                 {lp64_product} {ergonomic}
     bool UseCompressedOops                        = true                                 {lp64_product} {ergonomic}
     bool UseG1GC                                  = true                                      {product} {ergonomic}
     bool UseLargePagesIndividualAllocation        = false                                  {pd product} {ergonomic}

Logging:
Log output configuration:
 #0: stdout all=warning uptime,level,tags
 #1: stderr all=off uptime,level,tags

Environment Variables:
PATH=C:\Program Files\Common Files\Oracle\Java\javapath;C:\WINDOWS\system32;C:\WINDOWS;C:\WINDOWS\System32\Wbem;C:\WINDOWS\System32\WindowsPowerShell\v1.0\;C:\WINDOWS\System32\OpenSSH\;C:\Program Files\nodejs\;C:\Program Files\Git\cmd;C:\Program Files\dotnet\;C:\ProgramData\chocolatey\bin;C:\Users\dagxu\AppData\Local\Microsoft\WindowsApps;C:\Users\dagxu\AppData\Local\Programs\Microsoft VS Code\bin;C:\Users\dagxu\AppData\Roaming\npm;C:\Users\dagxu\.dotnet\tools;C:\tools\dart-sdk\bin;C:\Users\dagxu\AppData\Roaming\Pub\Cache\bin;C:\src\flutter\bin;
USERNAME=dagxu
OS=Windows_NT
PROCESSOR_IDENTIFIER=Intel64 Family 6 Model 126 Stepping 5, GenuineIntel



---------------  S Y S T E M  ---------------

OS: Windows 10 , 64 bit Build 19041 (10.0.19041.1889)
OS uptime: 8 days 6:54 hours

CPU:total 8 (initial active 8) (4 cores per cpu, 2 threads per core) family 6 model 126 stepping 5 microcode 0xa8, cmov, cx8, fxsr, mmx, sse, sse2, sse3, ssse3, sse4.1, sse4.2, popcnt, avx, avx2, aes, clmul, erms, 3dnowpref, lzcnt, ht, tsc, tscinvbit, bmi1, bmi2, adx, evex, sha, fma

Memory: 4k page, system-wide physical 12083M (1065M free)
TotalPageFile size 17528M (AvailPageFile size 5212M)
current process WorkingSet (physical memory assigned to process): 450M, peak: 460M
current process commit charge ("private bytes"): 487M, peak: 497M

vm_info: OpenJDK 64-Bit Server VM (11.0.12+7-b1504.28-7817840) for windows-amd64 JRE (11.0.12+7-b1504.28-7817840), built on Oct 13 2021 22:12:33 by "builder" with MS VC++ 14.0 (VS2015)

END.
